Vivado Simulator 2018.2
Copyright 1986-1999, 2001-2018 Xilinx, Inc. All Rights Reserved.
Running: C:/Xilinx/Vivado/2018.2/bin/unwrapped/win64.o/xelab.exe -wto 24f1d102d11246e08066803ded3346b3 --incr --debug typical --relax --mt 2 -L xil_defaultlib -L secureip --snapshot sim_behav xil_defaultlib.sim -log elaborate.log 
Using 2 slave threads.
Starting static elaboration
Completed static elaboration
Starting simulation data flow analysis
Completed simulation data flow analysis
Time Resolution for simulation is 1ps
Compiling package std.standard
Compiling package std.textio
Compiling package ieee.std_logic_1164
Compiling package ieee.std_logic_arith
Compiling package ieee.numeric_std
Compiling architecture behavioral of entity xil_defaultlib.jk_trigger [jk_trigger_default]
Compiling architecture behavioral of entity xil_defaultlib.dr_trigger [dr_trigger_default]
Compiling architecture behavioral of entity xil_defaultlib.d_trigger [d_trigger_default]
Compiling architecture behavioral of entity xil_defaultlib.threest [threest_default]
Compiling architecture counter_rtl of entity xil_defaultlib.counter [counter_default]
Compiling architecture behavioral of entity xil_defaultlib.sim
Built simulation snapshot sim_behav
