#-----------------------------------------------------------
# Vivado v2018.2 (64-bit)
# SW Build 2258646 on Thu Jun 14 20:03:12 MDT 2018
# IP Build 2256618 on Thu Jun 14 22:10:49 MDT 2018
# Start of session at: Thu Sep 12 21:46:16 2019
# Process ID: 14004
# Current directory: C:/Users/zheny/project_2 - Copy - Copy
# Command line: vivado.exe -gui_launcher_event rodinguilauncherevent4116 C:\Users\zheny\project_2 - Copy - Copy\project_2.xpr
# Log file: C:/Users/zheny/project_2 - Copy - Copy/vivado.log
# Journal file: C:/Users/zheny/project_2 - Copy - Copy\vivado.jou
#-----------------------------------------------------------
start_gui
open_project {C:/Users/zheny/project_2 - Copy - Copy/project_2.xpr}
INFO: [Project 1-313] Project file moved from 'C:/Users/zheny/project_2 - Copy' since last save.
Scanning sources...
Finished scanning sources
INFO: [IP_Flow 19-234] Refreshing IP repositories
INFO: [IP_Flow 19-1704] No user IP repositories specified
INFO: [IP_Flow 19-2313] Loaded Vivado IP repository 'D:/Vivado/Vivado/2018.2/data/ip'.
open_project: Time (s): cpu = 00:00:12 ; elapsed = 00:00:18 . Memory (MB): peak = 743.441 ; gain = 84.891
update_compile_order -fileset sources_1
reset_run synth_1
launch_runs synth_1 -jobs 4
[Thu Sep 12 22:03:59 2019] Launched synth_1...
Run output will be captured here: C:/Users/zheny/project_2 - Copy - Copy/project_2.runs/synth_1/runme.log
launch_simulation
INFO: [Vivado 12-5682] Launching behavioral simulation in 'C:/Users/zheny/project_2 - Copy - Copy/project_2.sim/sim_1/behav/xsim'
INFO: [SIM-utils-51] Simulation object is 'sim_1'
INFO: [SIM-utils-54] Inspecting design source files for 'decoderSimulation' in fileset 'sim_1'...
INFO: [USF-XSim-97] Finding global include files...
INFO: [USF-XSim-98] Fetching design files from 'sim_1'...
INFO: [USF-XSim-2] XSim::Compile design
INFO: [USF-XSim-61] Executing 'COMPILE and ANALYZE' step in 'C:/Users/zheny/project_2 - Copy - Copy/project_2.sim/sim_1/behav/xsim'
"xvhdl --incr --relax -prj decoderSimulation_vhdl.prj"
INFO: [VRFC 10-163] Analyzing VHDL file "C:/Users/zheny/project_2 - Copy - Copy/project_2.srcs/sources_1/new/decoder.vhd" into library xil_defaultlib
INFO: [VRFC 10-307] analyzing entity decoder
INFO: [VRFC 10-163] Analyzing VHDL file "C:/Users/zheny/project_2 - Copy - Copy/project_2.srcs/sim_1/new/decodersimulation.vhd" into library xil_defaultlib
INFO: [VRFC 10-307] analyzing entity decoderSimulation
INFO: [USF-XSim-69] 'compile' step finished in '4' seconds
INFO: [USF-XSim-3] XSim::Elaborate design
INFO: [USF-XSim-61] Executing 'ELABORATE' step in 'C:/Users/zheny/project_2 - Copy - Copy/project_2.sim/sim_1/behav/xsim'
Vivado Simulator 2018.2
Copyright 1986-1999, 2001-2018 Xilinx, Inc. All Rights Reserved.
Running: D:/Vivado/Vivado/2018.2/bin/unwrapped/win64.o/xelab.exe -wto 24f1d102d11246e08066803ded3346b3 --incr --debug typical --relax --mt 2 -L xil_defaultlib -L secureip --snapshot decoderSimulation_behav xil_defaultlib.decoderSimulation -log elaborate.log 
Using 2 slave threads.
Starting static elaboration
Completed static elaboration
Starting simulation data flow analysis
Completed simulation data flow analysis
Time Resolution for simulation is 1ps
Compiling package std.standard
Compiling package std.textio
Compiling package ieee.std_logic_1164
Compiling package ieee.std_logic_arith
Compiling package ieee.numeric_std
Compiling architecture behavioral of entity xil_defaultlib.decoder [decoder_default]
Compiling architecture behavioral of entity xil_defaultlib.decodersimulation
Built simulation snapshot decoderSimulation_behav
ERROR: [Common 17-165] Too many positional options when parsing '-notrace', please type 'webtalk -help' for usage info.

run_program: Time (s): cpu = 00:00:00 ; elapsed = 00:00:10 . Memory (MB): peak = 798.563 ; gain = 0.000
INFO: [USF-XSim-69] 'elaborate' step finished in '9' seconds
INFO: [USF-XSim-4] XSim::Simulate design
INFO: [USF-XSim-61] Executing 'SIMULATE' step in 'C:/Users/zheny/project_2 - Copy - Copy/project_2.sim/sim_1/behav/xsim'
INFO: [USF-XSim-98] *** Running xsim
   with args "decoderSimulation_behav -key {Behavioral:sim_1:Functional:decoderSimulation} -tclbatch {decoderSimulation.tcl} -log {simulate.log}"
INFO: [USF-XSim-8] Loading simulator feature
Vivado Simulator 2018.2
Time resolution is 1 ps
source decoderSimulation.tcl
# set curr_wave [current_wave_config]
# if { [string length $curr_wave] == 0 } {
#   if { [llength [get_objects]] > 0} {
#     add_wave /
#     set_property needs_save false [current_wave_config]
#   } else {
#      send_msg_id Add_Wave-1 WARNING "No top level signals found. Simulator will start without a wave window. If you want to open a wave window go to 'File->New Waveform Configuration' or type 'create_wave_config' in the TCL console."
#   }
# }
# run 1000ns
INFO: [USF-XSim-96] XSim completed. Design snapshot 'decoderSimulation_behav' loaded.
INFO: [USF-XSim-97] XSim simulation ran for 1000ns
launch_simulation: Time (s): cpu = 00:00:06 ; elapsed = 00:00:18 . Memory (MB): peak = 803.758 ; gain = 5.195
add_bp {C:/Users/zheny/project_2 - Copy - Copy/project_2.srcs/sim_1/new/decodersimulation.vhd} 66
remove_bps -file {C:/Users/zheny/project_2 - Copy - Copy/project_2.srcs/sim_1/new/decodersimulation.vhd} -line 66
reset_run synth_1
WARNING: [Vivado 12-1017] Problems encountered:
1. Failed to delete one or more files in run directory C:/Users/zheny/project_2 - Copy - Copy/project_2.runs/synth_1

launch_runs synth_1 -jobs 4
[Thu Sep 12 22:23:50 2019] Launched synth_1...
Run output will be captured here: C:/Users/zheny/project_2 - Copy - Copy/project_2.runs/synth_1/runme.log
close_sim
INFO: [Simtcl 6-16] Simulation closed
launch_simulation
INFO: [Vivado 12-5682] Launching behavioral simulation in 'C:/Users/zheny/project_2 - Copy - Copy/project_2.sim/sim_1/behav/xsim'
INFO: [SIM-utils-51] Simulation object is 'sim_1'
INFO: [SIM-utils-54] Inspecting design source files for 'decoderSimulation' in fileset 'sim_1'...
INFO: [USF-XSim-97] Finding global include files...
INFO: [USF-XSim-98] Fetching design files from 'sim_1'...
INFO: [USF-XSim-2] XSim::Compile design
INFO: [USF-XSim-61] Executing 'COMPILE and ANALYZE' step in 'C:/Users/zheny/project_2 - Copy - Copy/project_2.sim/sim_1/behav/xsim'
"xvhdl --incr --relax -prj decoderSimulation_vhdl.prj"
INFO: [VRFC 10-163] Analyzing VHDL file "C:/Users/zheny/project_2 - Copy - Copy/project_2.srcs/sources_1/new/decoder.vhd" into library xil_defaultlib
INFO: [VRFC 10-307] analyzing entity decoder
INFO: [VRFC 10-163] Analyzing VHDL file "C:/Users/zheny/project_2 - Copy - Copy/project_2.srcs/sim_1/new/decodersimulation.vhd" into library xil_defaultlib
INFO: [VRFC 10-307] analyzing entity decoderSimulation
INFO: [USF-XSim-69] 'compile' step finished in '2' seconds
INFO: [USF-XSim-3] XSim::Elaborate design
INFO: [USF-XSim-61] Executing 'ELABORATE' step in 'C:/Users/zheny/project_2 - Copy - Copy/project_2.sim/sim_1/behav/xsim'
Vivado Simulator 2018.2
Copyright 1986-1999, 2001-2018 Xilinx, Inc. All Rights Reserved.
Running: D:/Vivado/Vivado/2018.2/bin/unwrapped/win64.o/xelab.exe -wto 24f1d102d11246e08066803ded3346b3 --incr --debug typical --relax --mt 2 -L xil_defaultlib -L secureip --snapshot decoderSimulation_behav xil_defaultlib.decoderSimulation -log elaborate.log 
Using 2 slave threads.
Starting static elaboration
Completed static elaboration
Starting simulation data flow analysis
Completed simulation data flow analysis
Time Resolution for simulation is 1ps
Compiling package std.standard
Compiling package std.textio
Compiling package ieee.std_logic_1164
Compiling package ieee.std_logic_arith
Compiling package ieee.numeric_std
Compiling architecture behavioral of entity xil_defaultlib.decoder [decoder_default]
Compiling architecture behavioral of entity xil_defaultlib.decodersimulation
Built simulation snapshot decoderSimulation_behav
INFO: [USF-XSim-69] 'elaborate' step finished in '2' seconds
INFO: [USF-XSim-4] XSim::Simulate design
INFO: [USF-XSim-61] Executing 'SIMULATE' step in 'C:/Users/zheny/project_2 - Copy - Copy/project_2.sim/sim_1/behav/xsim'
INFO: [USF-XSim-98] *** Running xsim
   with args "decoderSimulation_behav -key {Behavioral:sim_1:Functional:decoderSimulation} -tclbatch {decoderSimulation.tcl} -log {simulate.log}"
INFO: [USF-XSim-8] Loading simulator feature
Vivado Simulator 2018.2
Time resolution is 1 ps
source decoderSimulation.tcl
# set curr_wave [current_wave_config]
# if { [string length $curr_wave] == 0 } {
#   if { [llength [get_objects]] > 0} {
#     add_wave /
#     set_property needs_save false [current_wave_config]
#   } else {
#      send_msg_id Add_Wave-1 WARNING "No top level signals found. Simulator will start without a wave window. If you want to open a wave window go to 'File->New Waveform Configuration' or type 'create_wave_config' in the TCL console."
#   }
# }
# run 1000ns
INFO: [USF-XSim-96] XSim completed. Design snapshot 'decoderSimulation_behav' loaded.
INFO: [USF-XSim-97] XSim simulation ran for 1000ns
launch_simulation: Time (s): cpu = 00:00:04 ; elapsed = 00:00:06 . Memory (MB): peak = 811.207 ; gain = 0.758
run 20 us
close_sim
INFO: [Simtcl 6-16] Simulation closed
exit
INFO: [Common 17-206] Exiting Vivado at Thu Sep 12 22:57:50 2019...
