#-----------------------------------------------------------
# Vivado v2018.2 (64-bit)
# SW Build 2258646 on Thu Jun 14 20:03:12 MDT 2018
# IP Build 2256618 on Thu Jun 14 22:10:49 MDT 2018
# Start of session at: Wed Sep 11 15:14:50 2019
# Process ID: 9140
# Current directory: C:/Users/zheny/project_2 - Copy
# Command line: vivado.exe -gui_launcher_event rodinguilauncherevent9092 C:\Users\zheny\project_2 - Copy\project_2.xpr
# Log file: C:/Users/zheny/project_2 - Copy/vivado.log
# Journal file: C:/Users/zheny/project_2 - Copy\vivado.jou
#-----------------------------------------------------------
start_gui
open_project {C:/Users/zheny/project_2 - Copy/project_2.xpr}
Scanning sources...
Finished scanning sources
INFO: [IP_Flow 19-234] Refreshing IP repositories
INFO: [IP_Flow 19-1704] No user IP repositories specified
INFO: [IP_Flow 19-2313] Loaded Vivado IP repository 'D:/Vivado/Vivado/2018.2/data/ip'.
open_project: Time (s): cpu = 00:00:14 ; elapsed = 00:00:07 . Memory (MB): peak = 791.395 ; gain = 74.727
update_compile_order -fileset sources_1
exit
INFO: [Common 17-206] Exiting Vivado at Wed Sep 11 15:20:08 2019...
