#-----------------------------------------------------------
# Vivado v2018.2 (64-bit)
# SW Build 2258646 on Thu Jun 14 20:03:12 MDT 2018
# IP Build 2256618 on Thu Jun 14 22:10:49 MDT 2018
# Start of session at: Mon Sep 30 11:41:32 2019
# Process ID: 11784
# Current directory: C:/Users/zheny/Desktop/project_2 - ready
# Command line: vivado.exe -gui_launcher_event rodinguilauncherevent11648 C:\Users\zheny\Desktop\project_2 - ready\project_2.xpr
# Log file: C:/Users/zheny/Desktop/project_2 - ready/vivado.log
# Journal file: C:/Users/zheny/Desktop/project_2 - ready\vivado.jou
#-----------------------------------------------------------
start_gui
open_project {C:/Users/zheny/Desktop/project_2 - ready/project_2.xpr}
Scanning sources...
Finished scanning sources
INFO: [IP_Flow 19-234] Refreshing IP repositories
INFO: [IP_Flow 19-1704] No user IP repositories specified
INFO: [IP_Flow 19-2313] Loaded Vivado IP repository 'D:/Vivado/Vivado/2018.2/data/ip'.
open_project: Time (s): cpu = 00:00:11 ; elapsed = 00:00:19 . Memory (MB): peak = 759.684 ; gain = 91.734
update_compile_order -fileset sources_1
