#-----------------------------------------------------------
# Vivado v2018.2 (64-bit)
# SW Build 2258646 on Thu Jun 14 20:03:12 MDT 2018
# IP Build 2256618 on Thu Jun 14 22:10:49 MDT 2018
# Start of session at: Tue Oct  1 19:15:49 2019
# Process ID: 1408
# Current directory: E:/project_2 - ready
# Command line: vivado.exe -gui_launcher_event rodinguilauncherevent2468 E:\project_2 - ready\project_2.xpr
# Log file: E:/project_2 - ready/vivado.log
# Journal file: E:/project_2 - ready\vivado.jou
#-----------------------------------------------------------
start_gui
open_project {E:/project_2 - ready/project_2.xpr}
INFO: [Project 1-313] Project file moved from 'C:/Users/zheny/Desktop/project_2 - ready' since last save.
Scanning sources...
Finished scanning sources
INFO: [IP_Flow 19-234] Refreshing IP repositories
INFO: [IP_Flow 19-1704] No user IP repositories specified
INFO: [IP_Flow 19-2313] Loaded Vivado IP repository 'C:/Xilinx/Vivado/2018.2/data/ip'.
update_compile_order -fileset sources_1
exit
INFO: [Common 17-206] Exiting Vivado at Tue Oct  1 19:21:32 2019...
