#-----------------------------------------------------------
# Vivado v2018.2 (64-bit)
# SW Build 2258646 on Thu Jun 14 20:03:12 MDT 2018
# IP Build 2256618 on Thu Jun 14 22:10:49 MDT 2018
# Start of session at: Tue Sep 24 17:45:07 2019
# Process ID: 17388
# Current directory: C:/Users/zheny/Desktop/project_2 - 1
# Command line: vivado.exe -gui_launcher_event rodinguilauncherevent5820 C:\Users\zheny\Desktop\project_2 - 1\project_2.xpr
# Log file: C:/Users/zheny/Desktop/project_2 - 1/vivado.log
# Journal file: C:/Users/zheny/Desktop/project_2 - 1\vivado.jou
#-----------------------------------------------------------
start_gui
open_project {C:/Users/zheny/Desktop/project_2 - 1/project_2.xpr}
INFO: [Project 1-313] Project file moved from 'C:/Users/zheny/project_2 - Copy - Copy' since last save.
Scanning sources...
Finished scanning sources
INFO: [IP_Flow 19-234] Refreshing IP repositories
INFO: [IP_Flow 19-1704] No user IP repositories specified
INFO: [IP_Flow 19-2313] Loaded Vivado IP repository 'D:/Vivado/Vivado/2018.2/data/ip'.
open_project: Time (s): cpu = 00:00:14 ; elapsed = 00:00:20 . Memory (MB): peak = 749.602 ; gain = 70.906
update_compile_order -fileset sources_1
close [ open {C:/Users/zheny/Desktop/project_2 - 1/project_2.srcs/sources_1/new/d_trigger.vhd} w ]
add_files {{C:/Users/zheny/Desktop/project_2 - 1/project_2.srcs/sources_1/new/d_trigger.vhd}}
update_compile_order -fileset sources_1
update_compile_order -fileset sources_1
reset_run synth_1
launch_runs synth_1 -jobs 4
[Tue Sep 24 18:42:49 2019] Launched synth_1...
Run output will be captured here: C:/Users/zheny/Desktop/project_2 - 1/project_2.runs/synth_1/runme.log
launch_simulation
INFO: [Vivado 12-5682] Launching behavioral simulation in 'C:/Users/zheny/Desktop/project_2 - 1/project_2.sim/sim_1/behav/xsim'
INFO: [SIM-utils-51] Simulation object is 'sim_1'
INFO: [SIM-utils-54] Inspecting design source files for 'simulation' in fileset 'sim_1'...
INFO: [USF-XSim-97] Finding global include files...
INFO: [USF-XSim-98] Fetching design files from 'sim_1'...
INFO: [USF-XSim-2] XSim::Compile design
INFO: [USF-XSim-61] Executing 'COMPILE and ANALYZE' step in 'C:/Users/zheny/Desktop/project_2 - 1/project_2.sim/sim_1/behav/xsim'
"xvhdl --incr --relax -prj simulation_vhdl.prj"
INFO: [VRFC 10-163] Analyzing VHDL file "C:/Users/zheny/Desktop/project_2 - 1/project_2.srcs/sources_1/new/d_trigger.vhd" into library xil_defaultlib
INFO: [VRFC 10-307] analyzing entity d_trigger
INFO: [VRFC 10-163] Analyzing VHDL file "C:/Users/zheny/Desktop/project_2 - 1/project_2.srcs/sources_1/new/rs_trigger.vhd" into library xil_defaultlib
INFO: [VRFC 10-307] analyzing entity rs_trigger
INFO: [VRFC 10-163] Analyzing VHDL file "C:/Users/zheny/Desktop/project_2 - 1/project_2.srcs/sources_1/new/rs_triggerx8.vhd" into library xil_defaultlib
INFO: [VRFC 10-307] analyzing entity rs_triggerx8
INFO: [VRFC 10-163] Analyzing VHDL file "C:/Users/zheny/Desktop/project_2 - 1/project_2.srcs/sources_1/new/t_trigger.vhd" into library xil_defaultlib
INFO: [VRFC 10-307] analyzing entity t_trigger
INFO: [VRFC 10-163] Analyzing VHDL file "C:/Users/zheny/Desktop/project_2 - 1/project_2.srcs/sources_1/new/threest.vhd" into library xil_defaultlib
INFO: [VRFC 10-307] analyzing entity threest
INFO: [VRFC 10-163] Analyzing VHDL file "C:/Users/zheny/Desktop/project_2 - 1/project_2.srcs/sim_1/new/simulation.vhd" into library xil_defaultlib
INFO: [VRFC 10-307] analyzing entity simulation
INFO: [USF-XSim-69] 'compile' step finished in '4' seconds
INFO: [USF-XSim-3] XSim::Elaborate design
INFO: [USF-XSim-61] Executing 'ELABORATE' step in 'C:/Users/zheny/Desktop/project_2 - 1/project_2.sim/sim_1/behav/xsim'
Vivado Simulator 2018.2
Copyright 1986-1999, 2001-2018 Xilinx, Inc. All Rights Reserved.
Running: D:/Vivado/Vivado/2018.2/bin/unwrapped/win64.o/xelab.exe -wto 24f1d102d11246e08066803ded3346b3 --incr --debug typical --relax --mt 2 -L xil_defaultlib -L secureip --snapshot simulation_behav xil_defaultlib.simulation -log elaborate.log 
Using 2 slave threads.
Starting static elaboration
Completed static elaboration
Starting simulation data flow analysis
Completed simulation data flow analysis
Time Resolution for simulation is 1ps
Compiling package std.standard
Compiling package std.textio
Compiling package ieee.std_logic_1164
Compiling package ieee.std_logic_arith
Compiling package ieee.numeric_std
Compiling architecture behavioral of entity xil_defaultlib.t_trigger [t_trigger_default]
Compiling architecture behavioral of entity xil_defaultlib.d_trigger [d_trigger_default]
Compiling architecture behavioral of entity xil_defaultlib.rs_trigger [rs_trigger_default]
Compiling architecture behavioral of entity xil_defaultlib.threest [threest_default]
Compiling architecture rs_triggerx8_rtl of entity xil_defaultlib.rs_triggerx8 [rs_triggerx8_default]
Compiling architecture behavioral of entity xil_defaultlib.simulation
Built simulation snapshot simulation_behav
ERROR: [Common 17-165] Too many positional options when parsing '-notrace', please type 'webtalk -help' for usage info.

run_program: Time (s): cpu = 00:00:00 ; elapsed = 00:00:12 . Memory (MB): peak = 808.359 ; gain = 0.000
INFO: [USF-XSim-69] 'elaborate' step finished in '12' seconds
INFO: [USF-XSim-4] XSim::Simulate design
INFO: [USF-XSim-61] Executing 'SIMULATE' step in 'C:/Users/zheny/Desktop/project_2 - 1/project_2.sim/sim_1/behav/xsim'
INFO: [USF-XSim-98] *** Running xsim
   with args "simulation_behav -key {Behavioral:sim_1:Functional:simulation} -tclbatch {simulation.tcl} -log {simulate.log}"
INFO: [USF-XSim-8] Loading simulator feature
Vivado Simulator 2018.2
Time resolution is 1 ps
source simulation.tcl
# set curr_wave [current_wave_config]
# if { [string length $curr_wave] == 0 } {
#   if { [llength [get_objects]] > 0} {
#     add_wave /
#     set_property needs_save false [current_wave_config]
#   } else {
#      send_msg_id Add_Wave-1 WARNING "No top level signals found. Simulator will start without a wave window. If you want to open a wave window go to 'File->New Waveform Configuration' or type 'create_wave_config' in the TCL console."
#   }
# }
# run 1000ns
INFO: [USF-XSim-96] XSim completed. Design snapshot 'simulation_behav' loaded.
INFO: [USF-XSim-97] XSim simulation ran for 1000ns
launch_simulation: Time (s): cpu = 00:00:06 ; elapsed = 00:00:21 . Memory (MB): peak = 813.766 ; gain = 5.406
run 20 us
reset_run synth_1
WARNING: [Vivado 12-1017] Problems encountered:
1. Failed to delete one or more files in run directory C:/Users/zheny/Desktop/project_2 - 1/project_2.runs/synth_1

launch_runs synth_1 -jobs 4
[Tue Sep 24 18:56:32 2019] Launched synth_1...
Run output will be captured here: C:/Users/zheny/Desktop/project_2 - 1/project_2.runs/synth_1/runme.log
close_sim
INFO: [Simtcl 6-16] Simulation closed
launch_simulation
INFO: [Vivado 12-5682] Launching behavioral simulation in 'C:/Users/zheny/Desktop/project_2 - 1/project_2.sim/sim_1/behav/xsim'
INFO: [SIM-utils-51] Simulation object is 'sim_1'
INFO: [SIM-utils-54] Inspecting design source files for 'simulation' in fileset 'sim_1'...
INFO: [USF-XSim-97] Finding global include files...
INFO: [USF-XSim-98] Fetching design files from 'sim_1'...
INFO: [USF-XSim-2] XSim::Compile design
INFO: [USF-XSim-61] Executing 'COMPILE and ANALYZE' step in 'C:/Users/zheny/Desktop/project_2 - 1/project_2.sim/sim_1/behav/xsim'
"xvhdl --incr --relax -prj simulation_vhdl.prj"
INFO: [VRFC 10-163] Analyzing VHDL file "C:/Users/zheny/Desktop/project_2 - 1/project_2.srcs/sources_1/new/t_trigger.vhd" into library xil_defaultlib
INFO: [VRFC 10-307] analyzing entity t_trigger
INFO: [USF-XSim-69] 'compile' step finished in '2' seconds
INFO: [USF-XSim-3] XSim::Elaborate design
INFO: [USF-XSim-61] Executing 'ELABORATE' step in 'C:/Users/zheny/Desktop/project_2 - 1/project_2.sim/sim_1/behav/xsim'
Vivado Simulator 2018.2
Copyright 1986-1999, 2001-2018 Xilinx, Inc. All Rights Reserved.
Running: D:/Vivado/Vivado/2018.2/bin/unwrapped/win64.o/xelab.exe -wto 24f1d102d11246e08066803ded3346b3 --incr --debug typical --relax --mt 2 -L xil_defaultlib -L secureip --snapshot simulation_behav xil_defaultlib.simulation -log elaborate.log 
Using 2 slave threads.
Starting static elaboration
Completed static elaboration
Starting simulation data flow analysis
Completed simulation data flow analysis
Time Resolution for simulation is 1ps
Compiling package std.standard
Compiling package std.textio
Compiling package ieee.std_logic_1164
Compiling package ieee.std_logic_arith
Compiling package ieee.numeric_std
Compiling architecture behavioral of entity xil_defaultlib.d_trigger [d_trigger_default]
Compiling architecture behavioral of entity xil_defaultlib.t_trigger [t_trigger_default]
Compiling architecture behavioral of entity xil_defaultlib.rs_trigger [rs_trigger_default]
Compiling architecture behavioral of entity xil_defaultlib.threest [threest_default]
Compiling architecture rs_triggerx8_rtl of entity xil_defaultlib.rs_triggerx8 [rs_triggerx8_default]
Compiling architecture behavioral of entity xil_defaultlib.simulation
Built simulation snapshot simulation_behav
INFO: [USF-XSim-69] 'elaborate' step finished in '2' seconds
INFO: [USF-XSim-4] XSim::Simulate design
INFO: [USF-XSim-61] Executing 'SIMULATE' step in 'C:/Users/zheny/Desktop/project_2 - 1/project_2.sim/sim_1/behav/xsim'
INFO: [USF-XSim-98] *** Running xsim
   with args "simulation_behav -key {Behavioral:sim_1:Functional:simulation} -tclbatch {simulation.tcl} -log {simulate.log}"
INFO: [USF-XSim-8] Loading simulator feature
Vivado Simulator 2018.2
Time resolution is 1 ps
source simulation.tcl
# set curr_wave [current_wave_config]
# if { [string length $curr_wave] == 0 } {
#   if { [llength [get_objects]] > 0} {
#     add_wave /
#     set_property needs_save false [current_wave_config]
#   } else {
#      send_msg_id Add_Wave-1 WARNING "No top level signals found. Simulator will start without a wave window. If you want to open a wave window go to 'File->New Waveform Configuration' or type 'create_wave_config' in the TCL console."
#   }
# }
# run 1000ns
INFO: [USF-XSim-96] XSim completed. Design snapshot 'simulation_behav' loaded.
INFO: [USF-XSim-97] XSim simulation ran for 1000ns
launch_simulation: Time (s): cpu = 00:00:03 ; elapsed = 00:00:06 . Memory (MB): peak = 823.793 ; gain = 0.000
reset_run synth_1
WARNING: [Vivado 12-1017] Problems encountered:
1. Failed to delete one or more files in run directory C:/Users/zheny/Desktop/project_2 - 1/project_2.runs/synth_1

launch_runs synth_1 -jobs 4
[Tue Sep 24 19:11:18 2019] Launched synth_1...
Run output will be captured here: C:/Users/zheny/Desktop/project_2 - 1/project_2.runs/synth_1/runme.log
close_sim
INFO: [Simtcl 6-16] Simulation closed
launch_simulation
INFO: [Vivado 12-5682] Launching behavioral simulation in 'C:/Users/zheny/Desktop/project_2 - 1/project_2.sim/sim_1/behav/xsim'
INFO: [SIM-utils-51] Simulation object is 'sim_1'
INFO: [SIM-utils-54] Inspecting design source files for 'simulation' in fileset 'sim_1'...
INFO: [USF-XSim-97] Finding global include files...
INFO: [USF-XSim-98] Fetching design files from 'sim_1'...
INFO: [USF-XSim-2] XSim::Compile design
INFO: [USF-XSim-61] Executing 'COMPILE and ANALYZE' step in 'C:/Users/zheny/Desktop/project_2 - 1/project_2.sim/sim_1/behav/xsim'
"xvhdl --incr --relax -prj simulation_vhdl.prj"
INFO: [VRFC 10-163] Analyzing VHDL file "C:/Users/zheny/Desktop/project_2 - 1/project_2.srcs/sources_1/new/t_trigger.vhd" into library xil_defaultlib
INFO: [VRFC 10-307] analyzing entity t_trigger
INFO: [USF-XSim-69] 'compile' step finished in '2' seconds
INFO: [USF-XSim-3] XSim::Elaborate design
INFO: [USF-XSim-61] Executing 'ELABORATE' step in 'C:/Users/zheny/Desktop/project_2 - 1/project_2.sim/sim_1/behav/xsim'
Vivado Simulator 2018.2
Copyright 1986-1999, 2001-2018 Xilinx, Inc. All Rights Reserved.
Running: D:/Vivado/Vivado/2018.2/bin/unwrapped/win64.o/xelab.exe -wto 24f1d102d11246e08066803ded3346b3 --incr --debug typical --relax --mt 2 -L xil_defaultlib -L secureip --snapshot simulation_behav xil_defaultlib.simulation -log elaborate.log 
Using 2 slave threads.
Starting static elaboration
Completed static elaboration
Starting simulation data flow analysis
Completed simulation data flow analysis
Time Resolution for simulation is 1ps
Compiling package std.standard
Compiling package std.textio
Compiling package ieee.std_logic_1164
Compiling package ieee.std_logic_arith
Compiling package ieee.numeric_std
Compiling architecture behavioral of entity xil_defaultlib.d_trigger [d_trigger_default]
Compiling architecture behavioral of entity xil_defaultlib.t_trigger [t_trigger_default]
Compiling architecture behavioral of entity xil_defaultlib.rs_trigger [rs_trigger_default]
Compiling architecture behavioral of entity xil_defaultlib.threest [threest_default]
Compiling architecture rs_triggerx8_rtl of entity xil_defaultlib.rs_triggerx8 [rs_triggerx8_default]
Compiling architecture behavioral of entity xil_defaultlib.simulation
Built simulation snapshot simulation_behav
INFO: [USF-XSim-69] 'elaborate' step finished in '1' seconds
INFO: [USF-XSim-4] XSim::Simulate design
INFO: [USF-XSim-61] Executing 'SIMULATE' step in 'C:/Users/zheny/Desktop/project_2 - 1/project_2.sim/sim_1/behav/xsim'
INFO: [USF-XSim-98] *** Running xsim
   with args "simulation_behav -key {Behavioral:sim_1:Functional:simulation} -tclbatch {simulation.tcl} -log {simulate.log}"
INFO: [USF-XSim-8] Loading simulator feature
Vivado Simulator 2018.2
Time resolution is 1 ps
source simulation.tcl
# set curr_wave [current_wave_config]
# if { [string length $curr_wave] == 0 } {
#   if { [llength [get_objects]] > 0} {
#     add_wave /
#     set_property needs_save false [current_wave_config]
#   } else {
#      send_msg_id Add_Wave-1 WARNING "No top level signals found. Simulator will start without a wave window. If you want to open a wave window go to 'File->New Waveform Configuration' or type 'create_wave_config' in the TCL console."
#   }
# }
# run 1000ns
INFO: [USF-XSim-96] XSim completed. Design snapshot 'simulation_behav' loaded.
INFO: [USF-XSim-97] XSim simulation ran for 1000ns
run 20 us
reset_run synth_1
WARNING: [Vivado 12-1017] Problems encountered:
1. Failed to delete one or more files in run directory C:/Users/zheny/Desktop/project_2 - 1/project_2.runs/synth_1

launch_runs synth_1 -jobs 4
[Tue Sep 24 19:16:56 2019] Launched synth_1...
Run output will be captured here: C:/Users/zheny/Desktop/project_2 - 1/project_2.runs/synth_1/runme.log
close_sim
INFO: [Simtcl 6-16] Simulation closed
launch_simulation
INFO: [Vivado 12-5682] Launching behavioral simulation in 'C:/Users/zheny/Desktop/project_2 - 1/project_2.sim/sim_1/behav/xsim'
INFO: [SIM-utils-51] Simulation object is 'sim_1'
INFO: [SIM-utils-54] Inspecting design source files for 'simulation' in fileset 'sim_1'...
INFO: [USF-XSim-97] Finding global include files...
INFO: [USF-XSim-98] Fetching design files from 'sim_1'...
INFO: [USF-XSim-2] XSim::Compile design
INFO: [USF-XSim-61] Executing 'COMPILE and ANALYZE' step in 'C:/Users/zheny/Desktop/project_2 - 1/project_2.sim/sim_1/behav/xsim'
"xvhdl --incr --relax -prj simulation_vhdl.prj"
INFO: [VRFC 10-163] Analyzing VHDL file "C:/Users/zheny/Desktop/project_2 - 1/project_2.srcs/sources_1/new/t_trigger.vhd" into library xil_defaultlib
INFO: [VRFC 10-307] analyzing entity t_trigger
INFO: [USF-XSim-69] 'compile' step finished in '4' seconds
INFO: [USF-XSim-3] XSim::Elaborate design
INFO: [USF-XSim-61] Executing 'ELABORATE' step in 'C:/Users/zheny/Desktop/project_2 - 1/project_2.sim/sim_1/behav/xsim'
Vivado Simulator 2018.2
Copyright 1986-1999, 2001-2018 Xilinx, Inc. All Rights Reserved.
Running: D:/Vivado/Vivado/2018.2/bin/unwrapped/win64.o/xelab.exe -wto 24f1d102d11246e08066803ded3346b3 --incr --debug typical --relax --mt 2 -L xil_defaultlib -L secureip --snapshot simulation_behav xil_defaultlib.simulation -log elaborate.log 
Using 2 slave threads.
Starting static elaboration
Completed static elaboration
Starting simulation data flow analysis
Completed simulation data flow analysis
Time Resolution for simulation is 1ps
Compiling package std.standard
Compiling package std.textio
Compiling package ieee.std_logic_1164
Compiling package ieee.std_logic_arith
Compiling package ieee.numeric_std
Compiling architecture behavioral of entity xil_defaultlib.d_trigger [d_trigger_default]
Compiling architecture behavioral of entity xil_defaultlib.t_trigger [t_trigger_default]
Compiling architecture behavioral of entity xil_defaultlib.rs_trigger [rs_trigger_default]
Compiling architecture behavioral of entity xil_defaultlib.threest [threest_default]
Compiling architecture rs_triggerx8_rtl of entity xil_defaultlib.rs_triggerx8 [rs_triggerx8_default]
Compiling architecture behavioral of entity xil_defaultlib.simulation
Built simulation snapshot simulation_behav
INFO: [USF-XSim-69] 'elaborate' step finished in '2' seconds
INFO: [USF-XSim-4] XSim::Simulate design
INFO: [USF-XSim-61] Executing 'SIMULATE' step in 'C:/Users/zheny/Desktop/project_2 - 1/project_2.sim/sim_1/behav/xsim'
INFO: [USF-XSim-98] *** Running xsim
   with args "simulation_behav -key {Behavioral:sim_1:Functional:simulation} -tclbatch {simulation.tcl} -log {simulate.log}"
INFO: [USF-XSim-8] Loading simulator feature
Vivado Simulator 2018.2
Time resolution is 1 ps
source simulation.tcl
# set curr_wave [current_wave_config]
# if { [string length $curr_wave] == 0 } {
#   if { [llength [get_objects]] > 0} {
#     add_wave /
#     set_property needs_save false [current_wave_config]
#   } else {
#      send_msg_id Add_Wave-1 WARNING "No top level signals found. Simulator will start without a wave window. If you want to open a wave window go to 'File->New Waveform Configuration' or type 'create_wave_config' in the TCL console."
#   }
# }
# run 1000ns
INFO: [USF-XSim-96] XSim completed. Design snapshot 'simulation_behav' loaded.
INFO: [USF-XSim-97] XSim simulation ran for 1000ns
launch_simulation: Time (s): cpu = 00:00:02 ; elapsed = 00:00:08 . Memory (MB): peak = 827.566 ; gain = 0.000
run 20 us
reset_run synth_1
WARNING: [Vivado 12-1017] Problems encountered:
1. Failed to delete one or more files in run directory C:/Users/zheny/Desktop/project_2 - 1/project_2.runs/synth_1

launch_runs synth_1 -jobs 4
[Tue Sep 24 19:35:34 2019] Launched synth_1...
Run output will be captured here: C:/Users/zheny/Desktop/project_2 - 1/project_2.runs/synth_1/runme.log
close_sim
INFO: [Simtcl 6-16] Simulation closed
launch_simulation
INFO: [Vivado 12-5682] Launching behavioral simulation in 'C:/Users/zheny/Desktop/project_2 - 1/project_2.sim/sim_1/behav/xsim'
INFO: [SIM-utils-51] Simulation object is 'sim_1'
INFO: [SIM-utils-54] Inspecting design source files for 'simulation' in fileset 'sim_1'...
INFO: [USF-XSim-97] Finding global include files...
INFO: [USF-XSim-98] Fetching design files from 'sim_1'...
INFO: [USF-XSim-2] XSim::Compile design
INFO: [USF-XSim-61] Executing 'COMPILE and ANALYZE' step in 'C:/Users/zheny/Desktop/project_2 - 1/project_2.sim/sim_1/behav/xsim'
"xvhdl --incr --relax -prj simulation_vhdl.prj"
INFO: [VRFC 10-163] Analyzing VHDL file "C:/Users/zheny/Desktop/project_2 - 1/project_2.srcs/sources_1/new/t_trigger.vhd" into library xil_defaultlib
INFO: [VRFC 10-307] analyzing entity t_trigger
INFO: [USF-XSim-69] 'compile' step finished in '3' seconds
INFO: [USF-XSim-3] XSim::Elaborate design
INFO: [USF-XSim-61] Executing 'ELABORATE' step in 'C:/Users/zheny/Desktop/project_2 - 1/project_2.sim/sim_1/behav/xsim'
Vivado Simulator 2018.2
Copyright 1986-1999, 2001-2018 Xilinx, Inc. All Rights Reserved.
Running: D:/Vivado/Vivado/2018.2/bin/unwrapped/win64.o/xelab.exe -wto 24f1d102d11246e08066803ded3346b3 --incr --debug typical --relax --mt 2 -L xil_defaultlib -L secureip --snapshot simulation_behav xil_defaultlib.simulation -log elaborate.log 
Using 2 slave threads.
Starting static elaboration
Completed static elaboration
Starting simulation data flow analysis
Completed simulation data flow analysis
Time Resolution for simulation is 1ps
Compiling package std.standard
Compiling package std.textio
Compiling package ieee.std_logic_1164
Compiling package ieee.std_logic_arith
Compiling package ieee.numeric_std
Compiling architecture behavioral of entity xil_defaultlib.d_trigger [d_trigger_default]
Compiling architecture behavioral of entity xil_defaultlib.t_trigger [t_trigger_default]
Compiling architecture behavioral of entity xil_defaultlib.rs_trigger [rs_trigger_default]
Compiling architecture behavioral of entity xil_defaultlib.threest [threest_default]
Compiling architecture rs_triggerx8_rtl of entity xil_defaultlib.rs_triggerx8 [rs_triggerx8_default]
Compiling architecture behavioral of entity xil_defaultlib.simulation
Built simulation snapshot simulation_behav
INFO: [USF-XSim-69] 'elaborate' step finished in '2' seconds
INFO: [USF-XSim-4] XSim::Simulate design
INFO: [USF-XSim-61] Executing 'SIMULATE' step in 'C:/Users/zheny/Desktop/project_2 - 1/project_2.sim/sim_1/behav/xsim'
INFO: [USF-XSim-98] *** Running xsim
   with args "simulation_behav -key {Behavioral:sim_1:Functional:simulation} -tclbatch {simulation.tcl} -log {simulate.log}"
INFO: [USF-XSim-8] Loading simulator feature
Vivado Simulator 2018.2
Time resolution is 1 ps
source simulation.tcl
# set curr_wave [current_wave_config]
# if { [string length $curr_wave] == 0 } {
#   if { [llength [get_objects]] > 0} {
#     add_wave /
#     set_property needs_save false [current_wave_config]
#   } else {
#      send_msg_id Add_Wave-1 WARNING "No top level signals found. Simulator will start without a wave window. If you want to open a wave window go to 'File->New Waveform Configuration' or type 'create_wave_config' in the TCL console."
#   }
# }
# run 1000ns
INFO: [USF-XSim-96] XSim completed. Design snapshot 'simulation_behav' loaded.
INFO: [USF-XSim-97] XSim simulation ran for 1000ns
launch_simulation: Time (s): cpu = 00:00:03 ; elapsed = 00:00:07 . Memory (MB): peak = 831.414 ; gain = 0.000
run 20 us
reset_run synth_1
WARNING: [Vivado 12-1017] Problems encountered:
1. Failed to delete one or more files in run directory C:/Users/zheny/Desktop/project_2 - 1/project_2.runs/synth_1

launch_runs synth_1 -jobs 4
[Tue Sep 24 19:37:21 2019] Launched synth_1...
Run output will be captured here: C:/Users/zheny/Desktop/project_2 - 1/project_2.runs/synth_1/runme.log
close_sim
INFO: [Simtcl 6-16] Simulation closed
launch_simulation
INFO: [Vivado 12-5682] Launching behavioral simulation in 'C:/Users/zheny/Desktop/project_2 - 1/project_2.sim/sim_1/behav/xsim'
INFO: [SIM-utils-51] Simulation object is 'sim_1'
INFO: [SIM-utils-54] Inspecting design source files for 'simulation' in fileset 'sim_1'...
INFO: [USF-XSim-97] Finding global include files...
INFO: [USF-XSim-98] Fetching design files from 'sim_1'...
INFO: [USF-XSim-2] XSim::Compile design
INFO: [USF-XSim-61] Executing 'COMPILE and ANALYZE' step in 'C:/Users/zheny/Desktop/project_2 - 1/project_2.sim/sim_1/behav/xsim'
"xvhdl --incr --relax -prj simulation_vhdl.prj"
INFO: [VRFC 10-163] Analyzing VHDL file "C:/Users/zheny/Desktop/project_2 - 1/project_2.srcs/sources_1/new/t_trigger.vhd" into library xil_defaultlib
INFO: [VRFC 10-307] analyzing entity t_trigger
INFO: [USF-XSim-69] 'compile' step finished in '2' seconds
INFO: [USF-XSim-3] XSim::Elaborate design
INFO: [USF-XSim-61] Executing 'ELABORATE' step in 'C:/Users/zheny/Desktop/project_2 - 1/project_2.sim/sim_1/behav/xsim'
Vivado Simulator 2018.2
Copyright 1986-1999, 2001-2018 Xilinx, Inc. All Rights Reserved.
Running: D:/Vivado/Vivado/2018.2/bin/unwrapped/win64.o/xelab.exe -wto 24f1d102d11246e08066803ded3346b3 --incr --debug typical --relax --mt 2 -L xil_defaultlib -L secureip --snapshot simulation_behav xil_defaultlib.simulation -log elaborate.log 
Using 2 slave threads.
Starting static elaboration
Completed static elaboration
Starting simulation data flow analysis
Completed simulation data flow analysis
Time Resolution for simulation is 1ps
Compiling package std.standard
Compiling package std.textio
Compiling package ieee.std_logic_1164
Compiling package ieee.std_logic_arith
Compiling package ieee.numeric_std
Compiling architecture behavioral of entity xil_defaultlib.d_trigger [d_trigger_default]
Compiling architecture behavioral of entity xil_defaultlib.t_trigger [t_trigger_default]
Compiling architecture behavioral of entity xil_defaultlib.rs_trigger [rs_trigger_default]
Compiling architecture behavioral of entity xil_defaultlib.threest [threest_default]
Compiling architecture rs_triggerx8_rtl of entity xil_defaultlib.rs_triggerx8 [rs_triggerx8_default]
Compiling architecture behavioral of entity xil_defaultlib.simulation
Built simulation snapshot simulation_behav
INFO: [USF-XSim-69] 'elaborate' step finished in '2' seconds
INFO: [USF-XSim-4] XSim::Simulate design
INFO: [USF-XSim-61] Executing 'SIMULATE' step in 'C:/Users/zheny/Desktop/project_2 - 1/project_2.sim/sim_1/behav/xsim'
INFO: [USF-XSim-98] *** Running xsim
   with args "simulation_behav -key {Behavioral:sim_1:Functional:simulation} -tclbatch {simulation.tcl} -log {simulate.log}"
INFO: [USF-XSim-8] Loading simulator feature
Vivado Simulator 2018.2
Time resolution is 1 ps
source simulation.tcl
# set curr_wave [current_wave_config]
# if { [string length $curr_wave] == 0 } {
#   if { [llength [get_objects]] > 0} {
#     add_wave /
#     set_property needs_save false [current_wave_config]
#   } else {
#      send_msg_id Add_Wave-1 WARNING "No top level signals found. Simulator will start without a wave window. If you want to open a wave window go to 'File->New Waveform Configuration' or type 'create_wave_config' in the TCL console."
#   }
# }
# run 1000ns
INFO: [USF-XSim-96] XSim completed. Design snapshot 'simulation_behav' loaded.
INFO: [USF-XSim-97] XSim simulation ran for 1000ns
launch_simulation: Time (s): cpu = 00:00:01 ; elapsed = 00:00:05 . Memory (MB): peak = 834.527 ; gain = 0.000
run 20 us
close_sim
INFO: [Simtcl 6-16] Simulation closed
launch_simulation
INFO: [Vivado 12-5682] Launching behavioral simulation in 'C:/Users/zheny/Desktop/project_2 - 1/project_2.sim/sim_1/behav/xsim'
INFO: [SIM-utils-51] Simulation object is 'sim_1'
INFO: [SIM-utils-54] Inspecting design source files for 'simulation' in fileset 'sim_1'...
INFO: [USF-XSim-97] Finding global include files...
INFO: [USF-XSim-98] Fetching design files from 'sim_1'...
INFO: [USF-XSim-2] XSim::Compile design
INFO: [USF-XSim-61] Executing 'COMPILE and ANALYZE' step in 'C:/Users/zheny/Desktop/project_2 - 1/project_2.sim/sim_1/behav/xsim'
"xvhdl --incr --relax -prj simulation_vhdl.prj"
INFO: [VRFC 10-163] Analyzing VHDL file "C:/Users/zheny/Desktop/project_2 - 1/project_2.srcs/sim_1/new/simulation.vhd" into library xil_defaultlib
INFO: [VRFC 10-307] analyzing entity simulation
INFO: [USF-XSim-69] 'compile' step finished in '3' seconds
INFO: [USF-XSim-3] XSim::Elaborate design
INFO: [USF-XSim-61] Executing 'ELABORATE' step in 'C:/Users/zheny/Desktop/project_2 - 1/project_2.sim/sim_1/behav/xsim'
Vivado Simulator 2018.2
Copyright 1986-1999, 2001-2018 Xilinx, Inc. All Rights Reserved.
Running: D:/Vivado/Vivado/2018.2/bin/unwrapped/win64.o/xelab.exe -wto 24f1d102d11246e08066803ded3346b3 --incr --debug typical --relax --mt 2 -L xil_defaultlib -L secureip --snapshot simulation_behav xil_defaultlib.simulation -log elaborate.log 
Using 2 slave threads.
Starting static elaboration
Completed static elaboration
Starting simulation data flow analysis
Completed simulation data flow analysis
Time Resolution for simulation is 1ps
Compiling package std.standard
Compiling package std.textio
Compiling package ieee.std_logic_1164
Compiling package ieee.std_logic_arith
Compiling package ieee.numeric_std
Compiling architecture behavioral of entity xil_defaultlib.d_trigger [d_trigger_default]
Compiling architecture behavioral of entity xil_defaultlib.t_trigger [t_trigger_default]
Compiling architecture behavioral of entity xil_defaultlib.rs_trigger [rs_trigger_default]
Compiling architecture behavioral of entity xil_defaultlib.threest [threest_default]
Compiling architecture rs_triggerx8_rtl of entity xil_defaultlib.rs_triggerx8 [rs_triggerx8_default]
Compiling architecture behavioral of entity xil_defaultlib.simulation
Built simulation snapshot simulation_behav
INFO: [USF-XSim-69] 'elaborate' step finished in '2' seconds
INFO: [USF-XSim-4] XSim::Simulate design
INFO: [USF-XSim-61] Executing 'SIMULATE' step in 'C:/Users/zheny/Desktop/project_2 - 1/project_2.sim/sim_1/behav/xsim'
INFO: [USF-XSim-98] *** Running xsim
   with args "simulation_behav -key {Behavioral:sim_1:Functional:simulation} -tclbatch {simulation.tcl} -log {simulate.log}"
INFO: [USF-XSim-8] Loading simulator feature
Vivado Simulator 2018.2
Time resolution is 1 ps
source simulation.tcl
# set curr_wave [current_wave_config]
# if { [string length $curr_wave] == 0 } {
#   if { [llength [get_objects]] > 0} {
#     add_wave /
#     set_property needs_save false [current_wave_config]
#   } else {
#      send_msg_id Add_Wave-1 WARNING "No top level signals found. Simulator will start without a wave window. If you want to open a wave window go to 'File->New Waveform Configuration' or type 'create_wave_config' in the TCL console."
#   }
# }
# run 1000ns
INFO: [USF-XSim-96] XSim completed. Design snapshot 'simulation_behav' loaded.
INFO: [USF-XSim-97] XSim simulation ran for 1000ns
launch_simulation: Time (s): cpu = 00:00:01 ; elapsed = 00:00:07 . Memory (MB): peak = 834.527 ; gain = 0.000
close_sim
INFO: [Simtcl 6-16] Simulation closed
launch_simulation
INFO: [Vivado 12-5682] Launching behavioral simulation in 'C:/Users/zheny/Desktop/project_2 - 1/project_2.sim/sim_1/behav/xsim'
INFO: [SIM-utils-51] Simulation object is 'sim_1'
INFO: [SIM-utils-54] Inspecting design source files for 'simulation' in fileset 'sim_1'...
INFO: [USF-XSim-97] Finding global include files...
INFO: [USF-XSim-98] Fetching design files from 'sim_1'...
INFO: [USF-XSim-2] XSim::Compile design
INFO: [USF-XSim-61] Executing 'COMPILE and ANALYZE' step in 'C:/Users/zheny/Desktop/project_2 - 1/project_2.sim/sim_1/behav/xsim'
"xvhdl --incr --relax -prj simulation_vhdl.prj"
INFO: [VRFC 10-163] Analyzing VHDL file "C:/Users/zheny/Desktop/project_2 - 1/project_2.srcs/sim_1/new/simulation.vhd" into library xil_defaultlib
INFO: [VRFC 10-307] analyzing entity simulation
INFO: [USF-XSim-69] 'compile' step finished in '1' seconds
INFO: [USF-XSim-3] XSim::Elaborate design
INFO: [USF-XSim-61] Executing 'ELABORATE' step in 'C:/Users/zheny/Desktop/project_2 - 1/project_2.sim/sim_1/behav/xsim'
Vivado Simulator 2018.2
Copyright 1986-1999, 2001-2018 Xilinx, Inc. All Rights Reserved.
Running: D:/Vivado/Vivado/2018.2/bin/unwrapped/win64.o/xelab.exe -wto 24f1d102d11246e08066803ded3346b3 --incr --debug typical --relax --mt 2 -L xil_defaultlib -L secureip --snapshot simulation_behav xil_defaultlib.simulation -log elaborate.log 
Using 2 slave threads.
Starting static elaboration
Completed static elaboration
Starting simulation data flow analysis
Completed simulation data flow analysis
Time Resolution for simulation is 1ps
Compiling package std.standard
Compiling package std.textio
Compiling package ieee.std_logic_1164
Compiling package ieee.std_logic_arith
Compiling package ieee.numeric_std
Compiling architecture behavioral of entity xil_defaultlib.d_trigger [d_trigger_default]
Compiling architecture behavioral of entity xil_defaultlib.t_trigger [t_trigger_default]
Compiling architecture behavioral of entity xil_defaultlib.rs_trigger [rs_trigger_default]
Compiling architecture behavioral of entity xil_defaultlib.threest [threest_default]
Compiling architecture rs_triggerx8_rtl of entity xil_defaultlib.rs_triggerx8 [rs_triggerx8_default]
Compiling architecture behavioral of entity xil_defaultlib.simulation
Built simulation snapshot simulation_behav
INFO: [USF-XSim-69] 'elaborate' step finished in '2' seconds
INFO: [USF-XSim-4] XSim::Simulate design
INFO: [USF-XSim-61] Executing 'SIMULATE' step in 'C:/Users/zheny/Desktop/project_2 - 1/project_2.sim/sim_1/behav/xsim'
INFO: [USF-XSim-98] *** Running xsim
   with args "simulation_behav -key {Behavioral:sim_1:Functional:simulation} -tclbatch {simulation.tcl} -log {simulate.log}"
INFO: [USF-XSim-8] Loading simulator feature
Vivado Simulator 2018.2
Time resolution is 1 ps
source simulation.tcl
# set curr_wave [current_wave_config]
# if { [string length $curr_wave] == 0 } {
#   if { [llength [get_objects]] > 0} {
#     add_wave /
#     set_property needs_save false [current_wave_config]
#   } else {
#      send_msg_id Add_Wave-1 WARNING "No top level signals found. Simulator will start without a wave window. If you want to open a wave window go to 'File->New Waveform Configuration' or type 'create_wave_config' in the TCL console."
#   }
# }
# run 1000ns
INFO: [USF-XSim-96] XSim completed. Design snapshot 'simulation_behav' loaded.
INFO: [USF-XSim-97] XSim simulation ran for 1000ns
launch_simulation: Time (s): cpu = 00:00:01 ; elapsed = 00:00:05 . Memory (MB): peak = 835.383 ; gain = 0.855
close_sim
INFO: [Simtcl 6-16] Simulation closed
launch_simulation
INFO: [Vivado 12-5682] Launching behavioral simulation in 'C:/Users/zheny/Desktop/project_2 - 1/project_2.sim/sim_1/behav/xsim'
INFO: [SIM-utils-51] Simulation object is 'sim_1'
INFO: [SIM-utils-54] Inspecting design source files for 'simulation' in fileset 'sim_1'...
INFO: [USF-XSim-97] Finding global include files...
INFO: [USF-XSim-98] Fetching design files from 'sim_1'...
INFO: [USF-XSim-2] XSim::Compile design
INFO: [USF-XSim-61] Executing 'COMPILE and ANALYZE' step in 'C:/Users/zheny/Desktop/project_2 - 1/project_2.sim/sim_1/behav/xsim'
"xvhdl --incr --relax -prj simulation_vhdl.prj"
INFO: [VRFC 10-163] Analyzing VHDL file "C:/Users/zheny/Desktop/project_2 - 1/project_2.srcs/sim_1/new/simulation.vhd" into library xil_defaultlib
INFO: [VRFC 10-307] analyzing entity simulation
INFO: [USF-XSim-69] 'compile' step finished in '2' seconds
INFO: [USF-XSim-3] XSim::Elaborate design
INFO: [USF-XSim-61] Executing 'ELABORATE' step in 'C:/Users/zheny/Desktop/project_2 - 1/project_2.sim/sim_1/behav/xsim'
Vivado Simulator 2018.2
Copyright 1986-1999, 2001-2018 Xilinx, Inc. All Rights Reserved.
Running: D:/Vivado/Vivado/2018.2/bin/unwrapped/win64.o/xelab.exe -wto 24f1d102d11246e08066803ded3346b3 --incr --debug typical --relax --mt 2 -L xil_defaultlib -L secureip --snapshot simulation_behav xil_defaultlib.simulation -log elaborate.log 
Using 2 slave threads.
Starting static elaboration
Completed static elaboration
Starting simulation data flow analysis
Completed simulation data flow analysis
Time Resolution for simulation is 1ps
Compiling package std.standard
Compiling package std.textio
Compiling package ieee.std_logic_1164
Compiling package ieee.std_logic_arith
Compiling package ieee.numeric_std
Compiling architecture behavioral of entity xil_defaultlib.d_trigger [d_trigger_default]
Compiling architecture behavioral of entity xil_defaultlib.t_trigger [t_trigger_default]
Compiling architecture behavioral of entity xil_defaultlib.rs_trigger [rs_trigger_default]
Compiling architecture behavioral of entity xil_defaultlib.threest [threest_default]
Compiling architecture rs_triggerx8_rtl of entity xil_defaultlib.rs_triggerx8 [rs_triggerx8_default]
Compiling architecture behavioral of entity xil_defaultlib.simulation
Built simulation snapshot simulation_behav
INFO: [USF-XSim-69] 'elaborate' step finished in '1' seconds
INFO: [USF-XSim-4] XSim::Simulate design
INFO: [USF-XSim-61] Executing 'SIMULATE' step in 'C:/Users/zheny/Desktop/project_2 - 1/project_2.sim/sim_1/behav/xsim'
INFO: [USF-XSim-98] *** Running xsim
   with args "simulation_behav -key {Behavioral:sim_1:Functional:simulation} -tclbatch {simulation.tcl} -log {simulate.log}"
INFO: [USF-XSim-8] Loading simulator feature
Vivado Simulator 2018.2
Time resolution is 1 ps
source simulation.tcl
# set curr_wave [current_wave_config]
# if { [string length $curr_wave] == 0 } {
#   if { [llength [get_objects]] > 0} {
#     add_wave /
#     set_property needs_save false [current_wave_config]
#   } else {
#      send_msg_id Add_Wave-1 WARNING "No top level signals found. Simulator will start without a wave window. If you want to open a wave window go to 'File->New Waveform Configuration' or type 'create_wave_config' in the TCL console."
#   }
# }
# run 1000ns
INFO: [USF-XSim-96] XSim completed. Design snapshot 'simulation_behav' loaded.
INFO: [USF-XSim-97] XSim simulation ran for 1000ns
run 20 us
run 20 us
run 20 us
run 20 us
close_sim
INFO: [Simtcl 6-16] Simulation closed
launch_simulation
INFO: [Vivado 12-5682] Launching behavioral simulation in 'C:/Users/zheny/Desktop/project_2 - 1/project_2.sim/sim_1/behav/xsim'
INFO: [SIM-utils-51] Simulation object is 'sim_1'
INFO: [SIM-utils-54] Inspecting design source files for 'simulation' in fileset 'sim_1'...
INFO: [USF-XSim-97] Finding global include files...
INFO: [USF-XSim-98] Fetching design files from 'sim_1'...
INFO: [USF-XSim-2] XSim::Compile design
INFO: [USF-XSim-61] Executing 'COMPILE and ANALYZE' step in 'C:/Users/zheny/Desktop/project_2 - 1/project_2.sim/sim_1/behav/xsim'
"xvhdl --incr --relax -prj simulation_vhdl.prj"
INFO: [VRFC 10-163] Analyzing VHDL file "C:/Users/zheny/Desktop/project_2 - 1/project_2.srcs/sim_1/new/simulation.vhd" into library xil_defaultlib
INFO: [VRFC 10-307] analyzing entity simulation
INFO: [USF-XSim-69] 'compile' step finished in '1' seconds
INFO: [USF-XSim-3] XSim::Elaborate design
INFO: [USF-XSim-61] Executing 'ELABORATE' step in 'C:/Users/zheny/Desktop/project_2 - 1/project_2.sim/sim_1/behav/xsim'
Vivado Simulator 2018.2
Copyright 1986-1999, 2001-2018 Xilinx, Inc. All Rights Reserved.
Running: D:/Vivado/Vivado/2018.2/bin/unwrapped/win64.o/xelab.exe -wto 24f1d102d11246e08066803ded3346b3 --incr --debug typical --relax --mt 2 -L xil_defaultlib -L secureip --snapshot simulation_behav xil_defaultlib.simulation -log elaborate.log 
Using 2 slave threads.
Starting static elaboration
Completed static elaboration
Starting simulation data flow analysis
Completed simulation data flow analysis
Time Resolution for simulation is 1ps
Compiling package std.standard
Compiling package std.textio
Compiling package ieee.std_logic_1164
Compiling package ieee.std_logic_arith
Compiling package ieee.numeric_std
Compiling architecture behavioral of entity xil_defaultlib.d_trigger [d_trigger_default]
Compiling architecture behavioral of entity xil_defaultlib.t_trigger [t_trigger_default]
Compiling architecture behavioral of entity xil_defaultlib.rs_trigger [rs_trigger_default]
Compiling architecture behavioral of entity xil_defaultlib.threest [threest_default]
Compiling architecture rs_triggerx8_rtl of entity xil_defaultlib.rs_triggerx8 [rs_triggerx8_default]
Compiling architecture behavioral of entity xil_defaultlib.simulation
Built simulation snapshot simulation_behav
INFO: [USF-XSim-69] 'elaborate' step finished in '2' seconds
INFO: [USF-XSim-4] XSim::Simulate design
INFO: [USF-XSim-61] Executing 'SIMULATE' step in 'C:/Users/zheny/Desktop/project_2 - 1/project_2.sim/sim_1/behav/xsim'
INFO: [USF-XSim-98] *** Running xsim
   with args "simulation_behav -key {Behavioral:sim_1:Functional:simulation} -tclbatch {simulation.tcl} -log {simulate.log}"
INFO: [USF-XSim-8] Loading simulator feature
Vivado Simulator 2018.2
Time resolution is 1 ps
source simulation.tcl
# set curr_wave [current_wave_config]
# if { [string length $curr_wave] == 0 } {
#   if { [llength [get_objects]] > 0} {
#     add_wave /
#     set_property needs_save false [current_wave_config]
#   } else {
#      send_msg_id Add_Wave-1 WARNING "No top level signals found. Simulator will start without a wave window. If you want to open a wave window go to 'File->New Waveform Configuration' or type 'create_wave_config' in the TCL console."
#   }
# }
# run 1000ns
INFO: [USF-XSim-96] XSim completed. Design snapshot 'simulation_behav' loaded.
INFO: [USF-XSim-97] XSim simulation ran for 1000ns
launch_simulation: Time (s): cpu = 00:00:03 ; elapsed = 00:00:05 . Memory (MB): peak = 835.430 ; gain = 0.000
run 20 us
run 20 us
close_sim
INFO: [Simtcl 6-16] Simulation closed
close_sim: Time (s): cpu = 00:00:01 ; elapsed = 00:00:06 . Memory (MB): peak = 840.203 ; gain = 0.000
exit
INFO: [Common 17-206] Exiting Vivado at Wed Sep 25 01:19:26 2019...
